[2026-06-08T05:42:02+02:00] is_uploaded_file failed (new upload) tmp=C:\xampp\tmp\phpD409.tmp
Array
(
    [_FILES] => Array
        (
            [file] => Array
                (
                    [name] => download.pdf
                    [type] => application/pdf
                    [tmp_name] => C:\xampp\tmp\phpD409.tmp
                    [error] => 0
                    [size] => 521854
                )

        )

    [SERVER_ORIGIN] => https://gx80xz2g-5173.usw3.devtunnels.ms
    [ALLOWED_ORIGIN] => https://gx80xz2g-5173.usw3.devtunnels.ms
)

[2026-06-08T08:53:14+02:00] Upload failed: is_uploaded_file or empty tmpName. tmp='C:\\xampp\\tmp\\phpE036.tmp'
Array
(
    [_FILES] => Array
        (
            [file] => Array
                (
                    [name] => Manual-Memoria-Estadias-TSU-2023-Rev01.pdf
                    [type] => application/pdf
                    [tmp_name] => C:\xampp\tmp\phpE036.tmp
                    [error] => 0
                    [size] => 2433756
                )

        )

    [post_max_size] => 40M
    [upload_max_filesize] => 40M
    [REQUEST_CONTENT_LENGTH] => 2434850
    [REQUEST_CONTENT_TYPE] => multipart/form-data; boundary=----WebKitFormBoundaryEGInycOYXWc0sxqE
)

[2026-06-08T09:01:08+02:00] Upload failed: is_uploaded_file or empty tmpName. tmp='C:\\xampp\\tmp\\php1CC1.tmp'
Array
(
    [_FILES] => Array
        (
            [file] => Array
                (
                    [name] => test_upload.pdf
                    [type] => application/pdf
                    [tmp_name] => C:\xampp\tmp\php1CC1.tmp
                    [error] => 0
                    [size] => 625
                )

        )

    [post_max_size] => 40M
    [upload_max_filesize] => 40M
    [REQUEST_CONTENT_LENGTH] => 1692
    [REQUEST_CONTENT_TYPE] => multipart/form-data; boundary=----WebKitFormBoundary9AWoXechAikvxUZg
)

[2026-06-08T09:02:07+02:00] Upload failed: tmp missing or PHP reported error. tmp='C:\\xampp\\tmp\\php146.tmp'
Array
(
    [_FILES] => Array
        (
            [file] => Array
                (
                    [name] => test_upload.pdf
                    [type] => application/pdf
                    [tmp_name] => C:\xampp\tmp\php146.tmp
                    [error] => 0
                    [size] => 625
                )

        )

    [is_uploaded_file] => 
    [post_max_size] => 40M
    [upload_max_filesize] => 40M
    [REQUEST_CONTENT_LENGTH] => 1692
    [REQUEST_CONTENT_TYPE] => multipart/form-data; boundary=----WebKitFormBoundaryEbtE8168dq2okiix
)

[2026-06-08T09:03:13+02:00] Move failed and copy fallback also failed. Diagnostics: Array
(
    [tmp] => C:\xampp\tmp\php4CE.tmp
    [tmp_exists] => no
    [tmp_readable] => no
    [dest_dir] => C:\Users\josec\OneDrive\Desktop\Clases\IDGS11-1\SISTEMA_DOCENTES\UT_API\src/../storage/uploads/documents/2026/06
    [dest_writable] => yes
    [last_error] => Array
        (
            [type] => 2
            [message] => copy(C:\xampp\tmp\php4CE.tmp): Failed to open stream: No such file or directory
            [file] => C:\Users\josec\OneDrive\Desktop\Clases\IDGS11-1\SISTEMA_DOCENTES\UT_API\src\Api.php
            [line] => 847
        )

    [_FILES] => Array
        (
            [file] => Array
                (
                    [name] => test_upload.pdf
                    [type] => application/pdf
                    [tmp_name] => C:\xampp\tmp\php4CE.tmp
                    [error] => 0
                    [size] => 625
                )

        )

)

[2026-06-08T09:06:47+02:00] is_uploaded_file failed (update) for tmp=''
Array
(
    [_FILES] => Array
        (
        )

    [post_max_size] => 40M
    [upload_max_filesize] => 40M
    [REQUEST_CONTENT_LENGTH] => 1153
)

[2026-06-08T09:07:01+02:00] is_uploaded_file failed (update) for tmp=''
Array
(
    [_FILES] => Array
        (
        )

    [post_max_size] => 40M
    [upload_max_filesize] => 40M
    [REQUEST_CONTENT_LENGTH] => 1153
)

[2026-06-08T09:07:19+02:00] is_uploaded_file failed (update) for tmp=''
Array
(
    [_FILES] => Array
        (
        )

    [post_max_size] => 40M
    [upload_max_filesize] => 40M
    [REQUEST_CONTENT_LENGTH] => 1153
)

[2026-06-08T09:13:58+02:00] is_uploaded_file failed (update) for tmp=''
Array
(
    [_FILES] => Array
        (
        )

    [post_max_size] => 40M
    [upload_max_filesize] => 40M
    [REQUEST_CONTENT_LENGTH] => 1258
)

[2026-06-08T09:14:57+02:00] Upload failed: tmp missing or PHP reported error. tmp=''
Array
(
    [_FILES] => Array
        (
        )

    [is_uploaded_file] => 
    [post_max_size] => 40M
    [upload_max_filesize] => 40M
    [REQUEST_CONTENT_LENGTH] => 1258
    [REQUEST_CONTENT_TYPE] => application/json
)

[2026-06-12T02:51:53+02:00] POST /documents body keys: Array
(
    [0] => name
    [1] => year
    [2] => period_name
    [3] => start_date
    [4] => end_date
    [5] => status
)

[2026-06-12T02:51:53+02:00] POST /documents body keys: Array
(
    [0] => name
    [1] => year
    [2] => period_name
    [3] => start_date
    [4] => end_date
    [5] => status
)

[2026-06-12T10:17:51+02:00] POST /documents body keys: Array
(
    [0] => name
    [1] => year
    [2] => period_name
    [3] => start_date
    [4] => end_date
    [5] => status
)

[2026-06-12T10:17:51+02:00] POST /documents body keys: Array
(
    [0] => name
    [1] => year
    [2] => period_name
    [3] => start_date
    [4] => end_date
    [5] => status
)

